<?xml version="1.0" encoding="UTF-8"?>
<!-- Generated by org.testng.reporters.JUnitXMLReporter -->
<testsuite ignored="10" hostname="DESKTOP-SOUGU29" failures="0" tests="2" name="Test" time="0.12" errors="0" timestamp="2023-09-09T17:40:11 IST">
  <testcase classname="testNGLearning.FirstDay" name="twotest" time="0.017"/>
  <testcase classname="testNGLearning.SecondDay" name="twotest" time="0.003"/>
  <testcase classname="testNGLearning.FourthDay" name="HomeWeb" time="0.0">
    <ignored/>
  </testcase> <!-- HomeWeb -->
  <testcase classname="testNGLearning.Inheritchild" name="Walking" time="0.0">
    <ignored/>
  </testcase> <!-- Walking -->
  <testcase classname="testNGLearning.FourthDay" name="Homemoblie" time="0.0">
    <ignored/>
  </testcase> <!-- Homemoblie -->
  <testcase classname="testNGLearning.Inhert" name="Running" time="0.0">
    <ignored/>
  </testcase> <!-- Running -->
  <testcase classname="testNGLearning.ThirdDay" name="CarWeb" time="0.0">
    <ignored/>
  </testcase> <!-- CarWeb -->
  <testcase classname="testNGLearning.ThirdDay" name="Carmoblie" time="0.0">
    <ignored/>
  </testcase> <!-- Carmoblie -->
  <testcase classname="testNGLearning.FourthDay" name="HomeApi" time="0.0">
    <ignored/>
  </testcase> <!-- HomeApi -->
  <testcase classname="testNGLearning.ThirdDay" name="CarApi" time="0.0">
    <ignored/>
  </testcase> <!-- CarApi -->
  <testcase classname="testNGLearning.Inhert" name="Running" time="0.0">
    <ignored/>
  </testcase> <!-- Running -->
  <testcase classname="testNGLearning.FirstDay" name="onetest" time="0.0">
    <ignored/>
  </testcase> <!-- onetest -->
</testsuite> <!-- Test -->
