<?xml version="1.0" encoding="UTF-8"?>
<!-- Generated by org.testng.reporters.JUnitXMLReporter -->
<testsuite ignored="3" hostname="DESKTOP-SOUGU29" failures="0" tests="0" time="0.003" errors="0" timestamp="2023-09-09T18:26:49 IST">
  <testcase classname="testNGLearning.ThirdDay" name="CarWeb" time="0.0">
    <ignored/>
  </testcase> <!-- CarWeb -->
  <testcase classname="testNGLearning.ThirdDay" name="CarApi" time="0.0">
    <ignored/>
  </testcase> <!-- CarApi -->
  <testcase classname="testNGLearning.ThirdDay" name="Carmoblie" time="0.0">
    <ignored/>
  </testcase> <!-- Carmoblie -->
</testsuite>
