<?xml version="1.0" encoding="UTF-8"?>
<!-- Generated by org.testng.reporters.JUnitXMLReporter -->
<testsuite ignored="1" hostname="DESKTOP-SOUGU29" failures="0" tests="2" name="PersonalLoanTest" time="0.279" errors="0" timestamp="2023-09-09T18:26:49 IST">
  <testcase classname="testNGLearning.FirstDay" name="onetest" time="0.009"/>
  <testcase classname="testNGLearning.SecondDay" name="twotest" time="0.005"/>
  <testcase classname="testNGLearning.FirstDay" name="twotest" time="0.0">
    <ignored/>
  </testcase> <!-- twotest -->
</testsuite> <!-- PersonalLoanTest -->
