<?xml version="1.0" encoding="UTF-8"?>
<testng-results ignored="0" total="1" passed="1" failed="0" skipped="0">
  <reporter-output>
  </reporter-output>
  <suite started-at="2023-10-04T20:48:58 IST" name="Default suite" finished-at="2023-10-04T20:49:33 IST" duration-ms="34909">
    <groups>
    </groups>
    <test started-at="2023-10-04T20:48:58 IST" name="Default test" finished-at="2023-10-04T20:49:33 IST" duration-ms="34909">
      <class name="testNGLearning.ExtentReportDemo">
        <test-method is-config="true" signature="Demo()[pri:0, instance:testNGLearning.ExtentReportDemo@6f03482]" started-at="2023-10-04T20:48:58 IST" name="Demo" finished-at="2023-10-04T20:48:59 IST" duration-ms="593" status="PASS">
          <reporter-output>
          </reporter-output>
        </test-method> <!-- Demo -->
        <test-method signature="DemoLaunch()[pri:0, instance:testNGLearning.ExtentReportDemo@6f03482]" started-at="2023-10-04T20:48:59 IST" name="DemoLaunch" finished-at="2023-10-04T20:49:33 IST" duration-ms="34248" status="PASS">
          <reporter-output>
          </reporter-output>
        </test-method> <!-- DemoLaunch -->
      </class> <!-- testNGLearning.ExtentReportDemo -->
    </test> <!-- Default test -->
  </suite> <!-- Default suite -->
</testng-results>
